"../../../../Users/pjkha/Documents/Unreal Projects/ProjectJK/Content/Font/Kenney_Future_Narrow.uasset" 0
"../../../../Users/pjkha/Documents/Unreal Projects/ProjectJK/Content/Font/Kenney_Future_Narrow_Font.uasset" 1
"../../../../Users/pjkha/Documents/Unreal Projects/ProjectJK/Content/UMG/Resource/UI/PNG/blue_button00.uasset" 2
"../../../../Users/pjkha/Documents/Unreal Projects/ProjectJK/Content/UMG/UP_TestUI.uasset" 3
"../../../../Users/pjkha/Documents/Unreal Projects/ProjectJK/Content/DATA/Tables/RichTextTestTable.uasset" 4
"../../../../Users/pjkha/Documents/Unreal Projects/ProjectJK/Content/UMG/Resource/UI/PNG/blue_button12.uasset" 5
"../../../../Users/pjkha/Documents/Unreal Projects/ProjectJK/Content/UMG/UP_z3camTest.uasset" 6
"../../../../Users/pjkha/Documents/Unreal Projects/ProjectJK/Content/DATA/Tables/WidgetDir.uasset" 7
"../../../../Users/pjkha/Documents/Unreal Projects/ProjectJK/Content/Sound/impactMetal_light_004.uasset" 8
"../../../../Users/pjkha/Documents/Unreal Projects/ProjectJK/Content/UMG/Resource/Icons/White/2x/arrowDown.uasset" 9
"../../../../Users/pjkha/Documents/Unreal Projects/ProjectJK/Content/UMG/Resource/Icons/White/2x/arrowLeft.uasset" 10
"../../../../Users/pjkha/Documents/Unreal Projects/ProjectJK/Content/UMG/Resource/Icons/White/2x/arrowRight.uasset" 11
"../../../../Users/pjkha/Documents/Unreal Projects/ProjectJK/Content/UMG/Resource/Icons/White/2x/arrowUp.uasset" 12
"../../../../Users/pjkha/Documents/Unreal Projects/ProjectJK/Content/UMG/Resource/Icons/White/2x/audioOff.uasset" 13
"../../../../Users/pjkha/Documents/Unreal Projects/ProjectJK/Content/UMG/Resource/Icons/White/2x/audioOn.uasset" 14
"../../../../Users/pjkha/Documents/Unreal Projects/ProjectJK/Content/UMG/Resource/Icons/White/2x/barsHorizontal.uasset" 15
"../../../../Users/pjkha/Documents/Unreal Projects/ProjectJK/Content/UMG/Resource/Icons/White/2x/barsVertical.uasset" 16
"../../../../Users/pjkha/Documents/Unreal Projects/ProjectJK/Content/UMG/Resource/Icons/White/2x/button1.uasset" 17
"../../../../Users/pjkha/Documents/Unreal Projects/ProjectJK/Content/UMG/Resource/Icons/White/2x/button2.uasset" 18
"../../../../Users/pjkha/Documents/Unreal Projects/ProjectJK/Content/UMG/Resource/Icons/White/2x/button3.uasset" 19
"../../../../Users/pjkha/Documents/Unreal Projects/ProjectJK/Content/UMG/Resource/Icons/White/2x/buttonA.uasset" 20
"../../../../Users/pjkha/Documents/Unreal Projects/ProjectJK/Content/UMG/Resource/Icons/White/2x/buttonB.uasset" 21
"../../../../Users/pjkha/Documents/Unreal Projects/ProjectJK/Content/UMG/Resource/Icons/White/2x/buttonL.uasset" 22
"../../../../Users/pjkha/Documents/Unreal Projects/ProjectJK/Content/UMG/Resource/Icons/White/2x/buttonL1.uasset" 23
"../../../../Users/pjkha/Documents/Unreal Projects/ProjectJK/Content/UMG/Resource/Icons/White/2x/buttonL2.uasset" 24
"../../../../Users/pjkha/Documents/Unreal Projects/ProjectJK/Content/UMG/Resource/Icons/White/2x/buttonR.uasset" 25
"../../../../Users/pjkha/Documents/Unreal Projects/ProjectJK/Content/UMG/Resource/Icons/White/2x/buttonR1.uasset" 26
"../../../../Users/pjkha/Documents/Unreal Projects/ProjectJK/Content/UMG/Resource/Icons/White/2x/buttonR2.uasset" 27
"../../../../Users/pjkha/Documents/Unreal Projects/ProjectJK/Content/UMG/Resource/Icons/White/2x/buttonSelect.uasset" 28
"../../../../Users/pjkha/Documents/Unreal Projects/ProjectJK/Content/UMG/Resource/Icons/White/2x/buttonStart.uasset" 29
"../../../../Users/pjkha/Documents/Unreal Projects/ProjectJK/Content/UMG/Resource/Icons/White/2x/buttonX.uasset" 30
"../../../../Users/pjkha/Documents/Unreal Projects/ProjectJK/Content/UMG/Resource/Icons/White/2x/buttonY.uasset" 31
"../../../../Users/pjkha/Documents/Unreal Projects/ProjectJK/Content/UMG/Resource/Icons/White/2x/checkmark.uasset" 32
"../../../../Users/pjkha/Documents/Unreal Projects/ProjectJK/Content/UMG/Resource/Icons/White/2x/contrast.uasset" 33
"../../../../Users/pjkha/Documents/Unreal Projects/ProjectJK/Content/UMG/Resource/Icons/White/2x/cross.uasset" 34
"../../../../Users/pjkha/Documents/Unreal Projects/ProjectJK/Content/UMG/Resource/Icons/White/2x/down.uasset" 35
"../../../../Users/pjkha/Documents/Unreal Projects/ProjectJK/Content/UMG/Resource/Icons/White/2x/downLeft.uasset" 36
"../../../../Users/pjkha/Documents/Unreal Projects/ProjectJK/Content/UMG/Resource/Icons/White/2x/downRight.uasset" 37
"../../../../Users/pjkha/Documents/Unreal Projects/ProjectJK/Content/UMG/Resource/Icons/White/2x/exclamation.uasset" 38
"../../../../Users/pjkha/Documents/Unreal Projects/ProjectJK/Content/UMG/Resource/Icons/White/2x/exit.uasset" 39
"../../../../Users/pjkha/Documents/Unreal Projects/ProjectJK/Content/UMG/Resource/Icons/White/2x/exitLeft.uasset" 40
"../../../../Users/pjkha/Documents/Unreal Projects/ProjectJK/Content/UMG/Resource/Icons/White/2x/exitRight.uasset" 41
"../../../../Users/pjkha/Documents/Unreal Projects/ProjectJK/Content/UMG/Resource/Icons/White/2x/export.uasset" 42
"../../../../Users/pjkha/Documents/Unreal Projects/ProjectJK/Content/UMG/Resource/Icons/White/2x/fastForward.uasset" 43
"../../../../Users/pjkha/Documents/Unreal Projects/ProjectJK/Content/UMG/Resource/Icons/White/2x/gamepad.uasset" 44
"../../../../Users/pjkha/Documents/Unreal Projects/ProjectJK/Content/UMG/Resource/Icons/White/2x/gamepad1.uasset" 45
"../../../../Users/pjkha/Documents/Unreal Projects/ProjectJK/Content/UMG/Resource/Icons/White/2x/gamepad2.uasset" 46
"../../../../Users/pjkha/Documents/Unreal Projects/ProjectJK/Content/UMG/Resource/Icons/White/2x/gamepad3.uasset" 47
"../../../../Users/pjkha/Documents/Unreal Projects/ProjectJK/Content/UMG/Resource/Icons/White/2x/gamepad4.uasset" 48
"../../../../Users/pjkha/Documents/Unreal Projects/ProjectJK/Content/UMG/Resource/Icons/White/2x/gear.uasset" 49
"../../../../Users/pjkha/Documents/Unreal Projects/ProjectJK/Content/UMG/Resource/Icons/White/2x/home.uasset" 50
"../../../../Users/pjkha/Documents/Unreal Projects/ProjectJK/Content/UMG/Resource/Icons/White/2x/import.uasset" 51
"../../../../Users/pjkha/Documents/Unreal Projects/ProjectJK/Content/UMG/Resource/Icons/White/2x/information.uasset" 52
"../../../../Users/pjkha/Documents/Unreal Projects/ProjectJK/Content/UMG/Resource/Icons/White/2x/joystick.uasset" 53
"../../../../Users/pjkha/Documents/Unreal Projects/ProjectJK/Content/UMG/Resource/Icons/White/2x/joystickLeft.uasset" 54
"../../../../Users/pjkha/Documents/Unreal Projects/ProjectJK/Content/UMG/Resource/Icons/White/2x/joystickRight.uasset" 55
"../../../../Users/pjkha/Documents/Unreal Projects/ProjectJK/Content/UMG/Resource/Icons/White/2x/joystickUp.uasset" 56
"../../../../Users/pjkha/Documents/Unreal Projects/ProjectJK/Content/UMG/Resource/Icons/White/2x/larger.uasset" 57
"../../../../Users/pjkha/Documents/Unreal Projects/ProjectJK/Content/UMG/Resource/Icons/White/2x/leaderboardsComplex.uasset" 58
"../../../../Users/pjkha/Documents/Unreal Projects/ProjectJK/Content/UMG/Resource/Icons/White/2x/leaderboardsSimple.uasset" 59
"../../../../Users/pjkha/Documents/Unreal Projects/ProjectJK/Content/UMG/Resource/Icons/White/2x/left.uasset" 60
"../../../../Users/pjkha/Documents/Unreal Projects/ProjectJK/Content/UMG/Resource/Icons/White/2x/locked.uasset" 61
"../../../../Users/pjkha/Documents/Unreal Projects/ProjectJK/Content/UMG/Resource/Icons/White/2x/massiveMultiplayer.uasset" 62
"../../../../Users/pjkha/Documents/Unreal Projects/ProjectJK/Content/UMG/Resource/Icons/White/2x/medal1.uasset" 63
"../../../../Users/pjkha/Documents/Unreal Projects/ProjectJK/Content/UMG/Resource/Icons/White/2x/medal2.uasset" 64
"../../../../Users/pjkha/Documents/Unreal Projects/ProjectJK/Content/UMG/Resource/Icons/White/2x/menuGrid.uasset" 65
"../../../../Users/pjkha/Documents/Unreal Projects/ProjectJK/Content/UMG/Resource/Icons/White/2x/menuList.uasset" 66
"../../../../Users/pjkha/Documents/Unreal Projects/ProjectJK/Content/UMG/Resource/Icons/White/2x/minus.uasset" 67
"../../../../Users/pjkha/Documents/Unreal Projects/ProjectJK/Content/UMG/Resource/Icons/White/2x/mouse.uasset" 68
"../../../../Users/pjkha/Documents/Unreal Projects/ProjectJK/Content/UMG/Resource/Icons/White/2x/movie.uasset" 69
"../../../../Users/pjkha/Documents/Unreal Projects/ProjectJK/Content/UMG/Resource/Icons/White/2x/multiplayer.uasset" 70
"../../../../Users/pjkha/Documents/Unreal Projects/ProjectJK/Content/UMG/Resource/Icons/White/2x/musicOff.uasset" 71
"../../../../Users/pjkha/Documents/Unreal Projects/ProjectJK/Content/UMG/Resource/Icons/White/2x/musicOn.uasset" 72
"../../../../Users/pjkha/Documents/Unreal Projects/ProjectJK/Content/UMG/Resource/Icons/White/2x/next.uasset" 73
"../../../../Users/pjkha/Documents/Unreal Projects/ProjectJK/Content/UMG/Resource/Icons/White/2x/open.uasset" 74
"../../../../Users/pjkha/Documents/Unreal Projects/ProjectJK/Content/UMG/Resource/Icons/White/2x/pause.uasset" 75
"../../../../Users/pjkha/Documents/Unreal Projects/ProjectJK/Content/UMG/Resource/Icons/White/2x/phone.uasset" 76
"../../../../Users/pjkha/Documents/Unreal Projects/ProjectJK/Content/UMG/Resource/Icons/White/2x/plus.uasset" 77
"../../../../Users/pjkha/Documents/Unreal Projects/ProjectJK/Content/UMG/Resource/Icons/White/2x/power.uasset" 78
"../../../../Users/pjkha/Documents/Unreal Projects/ProjectJK/Content/UMG/Resource/Icons/White/2x/previous.uasset" 79
"../../../../Users/pjkha/Documents/Unreal Projects/ProjectJK/Content/UMG/Resource/Icons/White/2x/question.uasset" 80
"../../../../Users/pjkha/Documents/Unreal Projects/ProjectJK/Content/UMG/Resource/Icons/White/2x/return.uasset" 81
"../../../../Users/pjkha/Documents/Unreal Projects/ProjectJK/Content/UMG/Resource/Icons/White/2x/rewind.uasset" 82
"../../../../Users/pjkha/Documents/Unreal Projects/ProjectJK/Content/UMG/Resource/Icons/White/2x/right.uasset" 83
"../../../../Users/pjkha/Documents/Unreal Projects/ProjectJK/Content/UMG/Resource/Icons/White/2x/save.uasset" 84
"../../../../Users/pjkha/Documents/Unreal Projects/ProjectJK/Content/UMG/Resource/Icons/White/2x/scrollHorizontal.uasset" 85
"../../../../Users/pjkha/Documents/Unreal Projects/ProjectJK/Content/UMG/Resource/Icons/White/2x/scrollVertical.uasset" 86
"../../../../Users/pjkha/Documents/Unreal Projects/ProjectJK/Content/UMG/Resource/Icons/White/2x/share1.uasset" 87
"../../../../Users/pjkha/Documents/Unreal Projects/ProjectJK/Content/UMG/Resource/Icons/White/2x/share2.uasset" 88
"../../../../Users/pjkha/Documents/Unreal Projects/ProjectJK/Content/UMG/Resource/Icons/White/2x/shoppingBasket.uasset" 89
"../../../../Users/pjkha/Documents/Unreal Projects/ProjectJK/Content/UMG/Resource/Icons/White/2x/shoppingCart.uasset" 90
"../../../../Users/pjkha/Documents/Unreal Projects/ProjectJK/Content/UMG/Resource/Icons/White/2x/siganl1.uasset" 91
"../../../../Users/pjkha/Documents/Unreal Projects/ProjectJK/Content/UMG/Resource/Icons/White/2x/signal2.uasset" 92
"../../../../Users/pjkha/Documents/Unreal Projects/ProjectJK/Content/UMG/Resource/Icons/White/2x/signal3.uasset" 93
"../../../../Users/pjkha/Documents/Unreal Projects/ProjectJK/Content/UMG/Resource/Icons/White/2x/singleplayer.uasset" 94
"../../../../Users/pjkha/Documents/Unreal Projects/ProjectJK/Content/UMG/Resource/Icons/White/2x/smaller.uasset" 95
"../../../../Users/pjkha/Documents/Unreal Projects/ProjectJK/Content/UMG/Resource/Icons/White/2x/star.uasset" 96
"../../../../Users/pjkha/Documents/Unreal Projects/ProjectJK/Content/UMG/Resource/Icons/White/2x/stop.uasset" 97
"../../../../Users/pjkha/Documents/Unreal Projects/ProjectJK/Content/UMG/Resource/Icons/White/2x/tablet.uasset" 98
"../../../../Users/pjkha/Documents/Unreal Projects/ProjectJK/Content/UMG/Resource/Icons/White/2x/target.uasset" 99
"../../../../Users/pjkha/Documents/Unreal Projects/ProjectJK/Content/UMG/Resource/Icons/White/2x/trashcan.uasset" 100
"../../../../Users/pjkha/Documents/Unreal Projects/ProjectJK/Content/UMG/Resource/Icons/White/2x/trashcanOpen.uasset" 101
"../../../../Users/pjkha/Documents/Unreal Projects/ProjectJK/Content/UMG/Resource/Icons/White/2x/trophy.uasset" 102
"../../../../Users/pjkha/Documents/Unreal Projects/ProjectJK/Content/UMG/Resource/Icons/White/2x/unlocked.uasset" 103
"../../../../Users/pjkha/Documents/Unreal Projects/ProjectJK/Content/UMG/Resource/Icons/White/2x/up.uasset" 104
"../../../../Users/pjkha/Documents/Unreal Projects/ProjectJK/Content/UMG/Resource/Icons/White/2x/upLeft.uasset" 105
"../../../../Users/pjkha/Documents/Unreal Projects/ProjectJK/Content/UMG/Resource/Icons/White/2x/upRight.uasset" 106
"../../../../Users/pjkha/Documents/Unreal Projects/ProjectJK/Content/UMG/Resource/Icons/White/2x/video.uasset" 107
"../../../../Users/pjkha/Documents/Unreal Projects/ProjectJK/Content/UMG/Resource/Icons/White/2x/warning.uasset" 108
"../../../../Users/pjkha/Documents/Unreal Projects/ProjectJK/Content/UMG/Resource/Icons/White/2x/wrench.uasset" 109
"../../../../Users/pjkha/Documents/Unreal Projects/ProjectJK/Content/UMG/Resource/Icons/White/2x/zoom.uasset" 110
"../../../../Users/pjkha/Documents/Unreal Projects/ProjectJK/Content/UMG/Resource/Icons/White/2x/zoomDefault.uasset" 111
"../../../../Users/pjkha/Documents/Unreal Projects/ProjectJK/Content/UMG/Resource/Icons/White/2x/zoomIn.uasset" 112
"../../../../Users/pjkha/Documents/Unreal Projects/ProjectJK/Content/UMG/Resource/Icons/White/2x/zoomOut.uasset" 113
"../../../../Users/pjkha/Documents/Unreal Projects/ProjectJK/Content/UMG/Resource/UI/PNG/blue_boxCheckmark.uasset" 114
"../../../../Users/pjkha/Documents/Unreal Projects/ProjectJK/Content/UMG/Resource/UI/PNG/blue_boxCross.uasset" 115
"../../../../Users/pjkha/Documents/Unreal Projects/ProjectJK/Content/UMG/Resource/UI/PNG/blue_boxTick.uasset" 116
"../../../../Users/pjkha/Documents/Unreal Projects/ProjectJK/Content/UMG/Resource/UI/PNG/blue_button01.uasset" 117
"../../../../Users/pjkha/Documents/Unreal Projects/ProjectJK/Content/UMG/Resource/UI/PNG/blue_button02.uasset" 118
"../../../../Users/pjkha/Documents/Unreal Projects/ProjectJK/Content/UMG/Resource/UI/PNG/blue_button03.uasset" 119
"../../../../Users/pjkha/Documents/Unreal Projects/ProjectJK/Content/UMG/Resource/UI/PNG/blue_button04.uasset" 120
"../../../../Users/pjkha/Documents/Unreal Projects/ProjectJK/Content/UMG/Resource/UI/PNG/blue_button05.uasset" 121
"../../../../Users/pjkha/Documents/Unreal Projects/ProjectJK/Content/UMG/Resource/UI/PNG/blue_button06.uasset" 122
"../../../../Users/pjkha/Documents/Unreal Projects/ProjectJK/Content/UMG/Resource/UI/PNG/blue_button07.uasset" 123
"../../../../Users/pjkha/Documents/Unreal Projects/ProjectJK/Content/UMG/Resource/UI/PNG/blue_button08.uasset" 124
"../../../../Users/pjkha/Documents/Unreal Projects/ProjectJK/Content/UMG/Resource/UI/PNG/blue_button09.uasset" 125
"../../../../Users/pjkha/Documents/Unreal Projects/ProjectJK/Content/UMG/Resource/UI/PNG/blue_button10.uasset" 126
"../../../../Users/pjkha/Documents/Unreal Projects/ProjectJK/Content/UMG/Resource/UI/PNG/blue_button11.uasset" 127
"../../../../Users/pjkha/Documents/Unreal Projects/ProjectJK/Content/UMG/Resource/UI/PNG/blue_button13.uasset" 128
"../../../../Users/pjkha/Documents/Unreal Projects/ProjectJK/Content/UMG/Resource/UI/PNG/blue_checkmark.uasset" 129
"../../../../Users/pjkha/Documents/Unreal Projects/ProjectJK/Content/UMG/Resource/UI/PNG/blue_circle.uasset" 130
"../../../../Users/pjkha/Documents/Unreal Projects/ProjectJK/Content/UMG/Resource/UI/PNG/blue_cross.uasset" 131
"../../../../Users/pjkha/Documents/Unreal Projects/ProjectJK/Content/UMG/Resource/UI/PNG/blue_panel.uasset" 132
"../../../../Users/pjkha/Documents/Unreal Projects/ProjectJK/Content/UMG/Resource/UI/PNG/blue_sliderDown.uasset" 133
"../../../../Users/pjkha/Documents/Unreal Projects/ProjectJK/Content/UMG/Resource/UI/PNG/blue_sliderLeft.uasset" 134
"../../../../Users/pjkha/Documents/Unreal Projects/ProjectJK/Content/UMG/Resource/UI/PNG/blue_sliderRight.uasset" 135
"../../../../Users/pjkha/Documents/Unreal Projects/ProjectJK/Content/UMG/Resource/UI/PNG/blue_sliderUp.uasset" 136
"../../../../Users/pjkha/Documents/Unreal Projects/ProjectJK/Content/UMG/Resource/UI/PNG/blue_tick.uasset" 137
"../../../../Users/pjkha/Documents/Unreal Projects/ProjectJK/Content/UMG/Resource/UI/PNG/dropdownBottom.uasset" 138
"../../../../Users/pjkha/Documents/Unreal Projects/ProjectJK/Content/UMG/Resource/UI/PNG/dropdownMid.uasset" 139
"../../../../Users/pjkha/Documents/Unreal Projects/ProjectJK/Content/UMG/Resource/UI/PNG/dropdownTop.uasset" 140
"../../../../Users/pjkha/Documents/Unreal Projects/ProjectJK/Content/UMG/Resource/UI/PNG/green_boxCheckmark.uasset" 141
"../../../../Users/pjkha/Documents/Unreal Projects/ProjectJK/Content/UMG/Resource/UI/PNG/green_boxCross.uasset" 142
"../../../../Users/pjkha/Documents/Unreal Projects/ProjectJK/Content/UMG/Resource/UI/PNG/green_boxTick.uasset" 143
"../../../../Users/pjkha/Documents/Unreal Projects/ProjectJK/Content/UMG/Resource/UI/PNG/green_button00.uasset" 144
"../../../../Users/pjkha/Documents/Unreal Projects/ProjectJK/Content/UMG/Resource/UI/PNG/green_button01.uasset" 145
"../../../../Users/pjkha/Documents/Unreal Projects/ProjectJK/Content/UMG/Resource/UI/PNG/green_button02.uasset" 146
"../../../../Users/pjkha/Documents/Unreal Projects/ProjectJK/Content/UMG/Resource/UI/PNG/green_button03.uasset" 147
"../../../../Users/pjkha/Documents/Unreal Projects/ProjectJK/Content/UMG/Resource/UI/PNG/green_button04.uasset" 148
"../../../../Users/pjkha/Documents/Unreal Projects/ProjectJK/Content/UMG/Resource/UI/PNG/green_button05.uasset" 149
"../../../../Users/pjkha/Documents/Unreal Projects/ProjectJK/Content/UMG/Resource/UI/PNG/green_button06.uasset" 150
"../../../../Users/pjkha/Documents/Unreal Projects/ProjectJK/Content/UMG/Resource/UI/PNG/green_button07.uasset" 151
"../../../../Users/pjkha/Documents/Unreal Projects/ProjectJK/Content/UMG/Resource/UI/PNG/green_button08.uasset" 152
"../../../../Users/pjkha/Documents/Unreal Projects/ProjectJK/Content/UMG/Resource/UI/PNG/green_button09.uasset" 153
"../../../../Users/pjkha/Documents/Unreal Projects/ProjectJK/Content/UMG/Resource/UI/PNG/green_button10.uasset" 154
"../../../../Users/pjkha/Documents/Unreal Projects/ProjectJK/Content/UMG/Resource/UI/PNG/green_button11.uasset" 155
"../../../../Users/pjkha/Documents/Unreal Projects/ProjectJK/Content/UMG/Resource/UI/PNG/green_button12.uasset" 156
"../../../../Users/pjkha/Documents/Unreal Projects/ProjectJK/Content/UMG/Resource/UI/PNG/green_button13.uasset" 157
"../../../../Users/pjkha/Documents/Unreal Projects/ProjectJK/Content/UMG/Resource/UI/PNG/green_checkmark.uasset" 158
"../../../../Users/pjkha/Documents/Unreal Projects/ProjectJK/Content/UMG/Resource/UI/PNG/green_circle.uasset" 159
"../../../../Users/pjkha/Documents/Unreal Projects/ProjectJK/Content/UMG/Resource/UI/PNG/green_cross.uasset" 160
"../../../../Users/pjkha/Documents/Unreal Projects/ProjectJK/Content/UMG/Resource/UI/PNG/green_panel.uasset" 161
"../../../../Users/pjkha/Documents/Unreal Projects/ProjectJK/Content/UMG/Resource/UI/PNG/green_sliderDown.uasset" 162
"../../../../Users/pjkha/Documents/Unreal Projects/ProjectJK/Content/UMG/Resource/UI/PNG/green_sliderLeft.uasset" 163
"../../../../Users/pjkha/Documents/Unreal Projects/ProjectJK/Content/UMG/Resource/UI/PNG/green_sliderRight.uasset" 164
"../../../../Users/pjkha/Documents/Unreal Projects/ProjectJK/Content/UMG/Resource/UI/PNG/green_sliderUp.uasset" 165
"../../../../Users/pjkha/Documents/Unreal Projects/ProjectJK/Content/UMG/Resource/UI/PNG/green_tick.uasset" 166
"../../../../Users/pjkha/Documents/Unreal Projects/ProjectJK/Content/UMG/Resource/UI/PNG/grey_arrowDownGrey.uasset" 167
"../../../../Users/pjkha/Documents/Unreal Projects/ProjectJK/Content/UMG/Resource/UI/PNG/grey_arrowDownWhite.uasset" 168
"../../../../Users/pjkha/Documents/Unreal Projects/ProjectJK/Content/UMG/Resource/UI/PNG/grey_arrowUpGrey.uasset" 169
"../../../../Users/pjkha/Documents/Unreal Projects/ProjectJK/Content/UMG/Resource/UI/PNG/grey_arrowUpWhite.uasset" 170
"../../../../Users/pjkha/Documents/Unreal Projects/ProjectJK/Content/UMG/Resource/UI/PNG/grey_box.uasset" 171
"../../../../Users/pjkha/Documents/Unreal Projects/ProjectJK/Content/UMG/Resource/UI/PNG/grey_boxCheckmark.uasset" 172
"../../../../Users/pjkha/Documents/Unreal Projects/ProjectJK/Content/UMG/Resource/UI/PNG/grey_boxCross.uasset" 173
"../../../../Users/pjkha/Documents/Unreal Projects/ProjectJK/Content/UMG/Resource/UI/PNG/grey_boxTick.uasset" 174
"../../../../Users/pjkha/Documents/Unreal Projects/ProjectJK/Content/UMG/Resource/UI/PNG/grey_button00.uasset" 175
"../../../../Users/pjkha/Documents/Unreal Projects/ProjectJK/Content/UMG/Resource/UI/PNG/grey_button01.uasset" 176
"../../../../Users/pjkha/Documents/Unreal Projects/ProjectJK/Content/UMG/Resource/UI/PNG/grey_button02.uasset" 177
"../../../../Users/pjkha/Documents/Unreal Projects/ProjectJK/Content/UMG/Resource/UI/PNG/grey_button03.uasset" 178
"../../../../Users/pjkha/Documents/Unreal Projects/ProjectJK/Content/UMG/Resource/UI/PNG/grey_button04.uasset" 179
"../../../../Users/pjkha/Documents/Unreal Projects/ProjectJK/Content/UMG/Resource/UI/PNG/grey_button05.uasset" 180
"../../../../Users/pjkha/Documents/Unreal Projects/ProjectJK/Content/UMG/Resource/UI/PNG/grey_button06.uasset" 181
"../../../../Users/pjkha/Documents/Unreal Projects/ProjectJK/Content/UMG/Resource/UI/PNG/grey_button07.uasset" 182
"../../../../Users/pjkha/Documents/Unreal Projects/ProjectJK/Content/UMG/Resource/UI/PNG/grey_button08.uasset" 183
"../../../../Users/pjkha/Documents/Unreal Projects/ProjectJK/Content/UMG/Resource/UI/PNG/grey_button09.uasset" 184
"../../../../Users/pjkha/Documents/Unreal Projects/ProjectJK/Content/UMG/Resource/UI/PNG/grey_button10.uasset" 185
"../../../../Users/pjkha/Documents/Unreal Projects/ProjectJK/Content/UMG/Resource/UI/PNG/grey_button11.uasset" 186
"../../../../Users/pjkha/Documents/Unreal Projects/ProjectJK/Content/UMG/Resource/UI/PNG/grey_button12.uasset" 187
"../../../../Users/pjkha/Documents/Unreal Projects/ProjectJK/Content/UMG/Resource/UI/PNG/grey_button13.uasset" 188
"../../../../Users/pjkha/Documents/Unreal Projects/ProjectJK/Content/UMG/Resource/UI/PNG/grey_button14.uasset" 189
"../../../../Users/pjkha/Documents/Unreal Projects/ProjectJK/Content/UMG/Resource/UI/PNG/grey_button15.uasset" 190
"../../../../Users/pjkha/Documents/Unreal Projects/ProjectJK/Content/UMG/Resource/UI/PNG/grey_checkmarkGrey.uasset" 191
"../../../../Users/pjkha/Documents/Unreal Projects/ProjectJK/Content/UMG/Resource/UI/PNG/grey_checkmarkWhite.uasset" 192
"../../../../Users/pjkha/Documents/Unreal Projects/ProjectJK/Content/UMG/Resource/UI/PNG/grey_circle.uasset" 193
"../../../../Users/pjkha/Documents/Unreal Projects/ProjectJK/Content/UMG/Resource/UI/PNG/grey_crossGrey.uasset" 194
"../../../../Users/pjkha/Documents/Unreal Projects/ProjectJK/Content/UMG/Resource/UI/PNG/grey_crossWhite.uasset" 195
"../../../../Users/pjkha/Documents/Unreal Projects/ProjectJK/Content/UMG/Resource/UI/PNG/grey_panel.uasset" 196
"../../../../Users/pjkha/Documents/Unreal Projects/ProjectJK/Content/UMG/Resource/UI/PNG/grey_sliderDown.uasset" 197
"../../../../Users/pjkha/Documents/Unreal Projects/ProjectJK/Content/UMG/Resource/UI/PNG/grey_sliderEnd.uasset" 198
"../../../../Users/pjkha/Documents/Unreal Projects/ProjectJK/Content/UMG/Resource/UI/PNG/grey_sliderHorizontal.uasset" 199
"../../../../Users/pjkha/Documents/Unreal Projects/ProjectJK/Content/UMG/Resource/UI/PNG/grey_sliderLeft.uasset" 200
"../../../../Users/pjkha/Documents/Unreal Projects/ProjectJK/Content/UMG/Resource/UI/PNG/grey_sliderRight.uasset" 201
"../../../../Users/pjkha/Documents/Unreal Projects/ProjectJK/Content/UMG/Resource/UI/PNG/grey_sliderUp.uasset" 202
"../../../../Users/pjkha/Documents/Unreal Projects/ProjectJK/Content/UMG/Resource/UI/PNG/grey_sliderVertical.uasset" 203
"../../../../Users/pjkha/Documents/Unreal Projects/ProjectJK/Content/UMG/Resource/UI/PNG/grey_tickGrey.uasset" 204
"../../../../Users/pjkha/Documents/Unreal Projects/ProjectJK/Content/UMG/Resource/UI/PNG/grey_tickWhite.uasset" 205
"../../../../Users/pjkha/Documents/Unreal Projects/ProjectJK/Content/UMG/Resource/UI/PNG/red_boxCheckmark.uasset" 206
"../../../../Users/pjkha/Documents/Unreal Projects/ProjectJK/Content/UMG/Resource/UI/PNG/red_boxCross.uasset" 207
"../../../../Users/pjkha/Documents/Unreal Projects/ProjectJK/Content/UMG/Resource/UI/PNG/red_boxTick.uasset" 208
"../../../../Users/pjkha/Documents/Unreal Projects/ProjectJK/Content/UMG/Resource/UI/PNG/red_button00.uasset" 209
"../../../../Users/pjkha/Documents/Unreal Projects/ProjectJK/Content/UMG/Resource/UI/PNG/red_button01.uasset" 210
"../../../../Users/pjkha/Documents/Unreal Projects/ProjectJK/Content/UMG/Resource/UI/PNG/red_button02.uasset" 211
"../../../../Users/pjkha/Documents/Unreal Projects/ProjectJK/Content/UMG/Resource/UI/PNG/red_button03.uasset" 212
"../../../../Users/pjkha/Documents/Unreal Projects/ProjectJK/Content/UMG/Resource/UI/PNG/red_button04.uasset" 213
"../../../../Users/pjkha/Documents/Unreal Projects/ProjectJK/Content/UMG/Resource/UI/PNG/red_button05.uasset" 214
"../../../../Users/pjkha/Documents/Unreal Projects/ProjectJK/Content/UMG/Resource/UI/PNG/red_button06.uasset" 215
"../../../../Users/pjkha/Documents/Unreal Projects/ProjectJK/Content/UMG/Resource/UI/PNG/red_button07.uasset" 216
"../../../../Users/pjkha/Documents/Unreal Projects/ProjectJK/Content/UMG/Resource/UI/PNG/red_button08.uasset" 217
"../../../../Users/pjkha/Documents/Unreal Projects/ProjectJK/Content/UMG/Resource/UI/PNG/red_button09.uasset" 218
"../../../../Users/pjkha/Documents/Unreal Projects/ProjectJK/Content/UMG/Resource/UI/PNG/red_button10.uasset" 219
"../../../../Users/pjkha/Documents/Unreal Projects/ProjectJK/Content/UMG/Resource/UI/PNG/red_button11.uasset" 220
"../../../../Users/pjkha/Documents/Unreal Projects/ProjectJK/Content/UMG/Resource/UI/PNG/red_button12.uasset" 221
"../../../../Users/pjkha/Documents/Unreal Projects/ProjectJK/Content/UMG/Resource/UI/PNG/red_button13.uasset" 222
"../../../../Users/pjkha/Documents/Unreal Projects/ProjectJK/Content/UMG/Resource/UI/PNG/red_checkmark.uasset" 223
"../../../../Users/pjkha/Documents/Unreal Projects/ProjectJK/Content/UMG/Resource/UI/PNG/red_circle.uasset" 224
"../../../../Users/pjkha/Documents/Unreal Projects/ProjectJK/Content/UMG/Resource/UI/PNG/red_cross.uasset" 225
"../../../../Users/pjkha/Documents/Unreal Projects/ProjectJK/Content/UMG/Resource/UI/PNG/red_panel.uasset" 226
"../../../../Users/pjkha/Documents/Unreal Projects/ProjectJK/Content/UMG/Resource/UI/PNG/red_sliderDown.uasset" 227
"../../../../Users/pjkha/Documents/Unreal Projects/ProjectJK/Content/UMG/Resource/UI/PNG/red_sliderLeft.uasset" 228
"../../../../Users/pjkha/Documents/Unreal Projects/ProjectJK/Content/UMG/Resource/UI/PNG/red_sliderRight.uasset" 229
"../../../../Users/pjkha/Documents/Unreal Projects/ProjectJK/Content/UMG/Resource/UI/PNG/red_sliderUp.uasset" 230
"../../../../Users/pjkha/Documents/Unreal Projects/ProjectJK/Content/UMG/Resource/UI/PNG/red_tick.uasset" 231
"../../../../Users/pjkha/Documents/Unreal Projects/ProjectJK/Content/UMG/Resource/UI/PNG/yellow_boxCheckmark.uasset" 232
"../../../../Users/pjkha/Documents/Unreal Projects/ProjectJK/Content/UMG/Resource/UI/PNG/yellow_boxCross.uasset" 233
"../../../../Users/pjkha/Documents/Unreal Projects/ProjectJK/Content/UMG/Resource/UI/PNG/yellow_boxTick.uasset" 234
"../../../../Users/pjkha/Documents/Unreal Projects/ProjectJK/Content/UMG/Resource/UI/PNG/yellow_button00.uasset" 235
"../../../../Users/pjkha/Documents/Unreal Projects/ProjectJK/Content/UMG/Resource/UI/PNG/yellow_button01.uasset" 236
"../../../../Users/pjkha/Documents/Unreal Projects/ProjectJK/Content/UMG/Resource/UI/PNG/yellow_button02.uasset" 237
"../../../../Users/pjkha/Documents/Unreal Projects/ProjectJK/Content/UMG/Resource/UI/PNG/yellow_button03.uasset" 238
"../../../../Users/pjkha/Documents/Unreal Projects/ProjectJK/Content/UMG/Resource/UI/PNG/yellow_button04.uasset" 239
"../../../../Users/pjkha/Documents/Unreal Projects/ProjectJK/Content/UMG/Resource/UI/PNG/yellow_button05.uasset" 240
"../../../../Users/pjkha/Documents/Unreal Projects/ProjectJK/Content/UMG/Resource/UI/PNG/yellow_button06.uasset" 241
"../../../../Users/pjkha/Documents/Unreal Projects/ProjectJK/Content/UMG/Resource/UI/PNG/yellow_button07.uasset" 242
"../../../../Users/pjkha/Documents/Unreal Projects/ProjectJK/Content/UMG/Resource/UI/PNG/yellow_button08.uasset" 243
"../../../../Users/pjkha/Documents/Unreal Projects/ProjectJK/Content/UMG/Resource/UI/PNG/yellow_button09.uasset" 244
"../../../../Users/pjkha/Documents/Unreal Projects/ProjectJK/Content/UMG/Resource/UI/PNG/yellow_button10.uasset" 245
"../../../../Users/pjkha/Documents/Unreal Projects/ProjectJK/Content/UMG/Resource/UI/PNG/yellow_button11.uasset" 246
"../../../../Users/pjkha/Documents/Unreal Projects/ProjectJK/Content/UMG/Resource/UI/PNG/yellow_button12.uasset" 247
"../../../../Users/pjkha/Documents/Unreal Projects/ProjectJK/Content/UMG/Resource/UI/PNG/yellow_button13.uasset" 248
"../../../../Users/pjkha/Documents/Unreal Projects/ProjectJK/Content/UMG/Resource/UI/PNG/yellow_checkmark.uasset" 249
"../../../../Users/pjkha/Documents/Unreal Projects/ProjectJK/Content/UMG/Resource/UI/PNG/yellow_circle.uasset" 250
"../../../../Users/pjkha/Documents/Unreal Projects/ProjectJK/Content/UMG/Resource/UI/PNG/yellow_cross.uasset" 251
"../../../../Users/pjkha/Documents/Unreal Projects/ProjectJK/Content/UMG/Resource/UI/PNG/yellow_panel.uasset" 252
"../../../../Users/pjkha/Documents/Unreal Projects/ProjectJK/Content/UMG/Resource/UI/PNG/yellow_sliderDown.uasset" 253
"../../../../Users/pjkha/Documents/Unreal Projects/ProjectJK/Content/UMG/Resource/UI/PNG/yellow_sliderLeft.uasset" 254
"../../../../Users/pjkha/Documents/Unreal Projects/ProjectJK/Content/UMG/Resource/UI/PNG/yellow_sliderRight.uasset" 255
"../../../../Users/pjkha/Documents/Unreal Projects/ProjectJK/Content/UMG/Resource/UI/PNG/yellow_sliderUp.uasset" 256
"../../../../Users/pjkha/Documents/Unreal Projects/ProjectJK/Content/UMG/Resource/UI/PNG/yellow_tick.uasset" 257
"../../../Engine/Content/Animation/DefaultAnimCurveCompressionSettings.uasset" 258
"../../../Engine/Content/Functions/Engine_MaterialFunctions01/Opacity/CameraDepthFade.uasset" 259
"../../../Engine/Content/EngineMaterials/T_Default_Material_Grid_M.uasset" 260
"../../../Engine/Content/EngineMaterials/T_Default_Material_Grid_N.uasset" 261
"../../../Engine/Content/EngineMaterials/WorldGridMaterial.uasset" 262
"../../../Engine/Content/ArtTools/RenderToTexture/Meshes/S_1_Unit_Plane.uasset" 263
"../../../Engine/Content/EngineMaterials/DefaultMaterial.uasset" 264
"../../../Engine/Content/BasicShapes/Cone.uasset" 265
"../../../Engine/Content/BasicShapes/Cube.uasset" 266
"../../../Engine/Content/BasicShapes/Cylinder.uasset" 267
"../../../Engine/Content/BasicShapes/Plane.uasset" 268
"../../../Engine/Content/BasicShapes/Sphere.uasset" 269
"../../../Engine/Content/EditorLandscapeResources/DataLayer.uasset" 270
"../../../Engine/Content/EditorMaterials/MAT_Groups_Toggle.uasset" 271
"../../../Engine/Content/EditorMaterials/MAT_Groups_Visibility.uasset" 272
"../../../Engine/Content/EditorMaterials/PreviewShadowIndicator.uasset" 273
"../../../Engine/Content/EditorMaterials/PreviewShadowIndicatorMaterial.uasset" 274
"../../../Engine/Content/EditorMaterials/MatineeGroups/MAT_ColorTrack.uasset" 275
"../../../Engine/Content/EditorMaterials/MatineeGroups/MAT_Groups_Anim.uasset" 276
"../../../Engine/Content/EditorMaterials/MatineeGroups/MAT_Groups_AudioMaster.uasset" 277
"../../../Engine/Content/EditorMaterials/MatineeGroups/MAT_Groups_Director.uasset" 278
"../../../Engine/Content/EditorMaterials/MatineeGroups/MAT_Groups_Event.uasset" 279
"../../../Engine/Content/EditorMaterials/MatineeGroups/MAT_Groups_Fade.uasset" 280
"../../../Engine/Content/EditorMaterials/MatineeGroups/MAT_Groups_Float.uasset" 281
"../../../Engine/Content/EditorMaterials/MatineeGroups/MAT_Groups_Move.uasset" 282
"../../../Engine/Content/EditorMaterials/MatineeGroups/MAT_Groups_Slomo.uasset" 283
"../../../Engine/Content/EditorMaterials/MatineeGroups/MAT_Groups_Sound.uasset" 284
"../../../Engine/Content/EditorMaterials/MatineeGroups/MAT_Groups_Vector.uasset" 285
"../../../Engine/Content/EditorMaterials/ParticleSystems/PSysThumbnail_NoImage.uasset" 286
"../../../Engine/Content/EditorMaterials/ParticleSystems/PSysThumbnail_OOD.uasset" 287
"../../../Engine/Content/EditorMaterials/Camera/CineMat.uasset" 288
"../../../Engine/Content/EditorMaterials/Camera/MI_CineMat_Rig.uasset" 289
"../../../Engine/Content/EditorMeshes/Camera/SM_CraneRig_Arm.uasset" 290
"../../../Engine/Content/EditorMeshes/Camera/SM_CraneRig_Base.uasset" 291
"../../../Engine/Content/EditorMeshes/Camera/SM_CraneRig_Body.uasset" 292
"../../../Engine/Content/EditorMeshes/Camera/SM_CraneRig_Mount.uasset" 293
"../../../Engine/Content/EditorMeshes/Camera/SM_RailRig_Mount.uasset" 294
"../../../Engine/Content/EditorMeshes/Camera/SM_RailRig_Track.uasset" 295
"../../../Engine/Content/EditorResources/BSPVertex.uasset" 296
"../../../Engine/Content/EditorResources/EmptyActor.uasset" 297
"../../../Engine/Content/EditorResources/S_Actor.uasset" 298
"../../../Engine/Content/EditorResources/S_Note.uasset" 299
"../../../Engine/Content/EditorResources/S_Solver.uasset" 300
"../../../Engine/Content/EditorResources/S_Trigger.uasset" 301
"../../../Engine/Content/EditorResources/LightIcons/S_LightError.uasset" 302
"../../../Engine/Content/EditorResources/SequenceRecorder/Countdown.uasset" 303
"../../../Engine/Content/EditorResources/SequenceRecorder/RecordingIndicator.uasset" 304
"../../../Engine/Content/EditorSounds/Notifications/CompileFailed.uasset" 305
"../../../Engine/Content/EditorSounds/Notifications/CompileFailed_Cue.uasset" 306
"../../../Engine/Content/EditorSounds/Notifications/CompileSuccess.uasset" 307
"../../../Engine/Content/EditorSounds/Notifications/CompileStart_Cue.uasset" 308
"../../../Engine/Content/EditorSounds/Notifications/CompileSuccess_Cue.uasset" 309
"../../../Engine/Content/EngineDamageTypes/DmgTypeBP_Environmental.uasset" 310
"../../../Engine/Content/EngineDebugMaterials/DebugEditorMaterial.uasset" 311
"../../../Engine/Content/EngineDebugMaterials/DebugMeshMaterial.uasset" 312
"../../../Engine/Content/EngineDebugMaterials/M_SimpleUnlitTranslucent.uasset" 313
"../../../Engine/Content/Functions/Engine_MaterialFunctions02/Utility/CameraDirectionVector.uasset" 314
"../../../Engine/Content/EngineDebugMaterials/VolumeToRender.uasset" 315
"../../../Engine/Content/EngineDebugMaterials/M_VolumeRenderSphereTracePP.uasset" 316
"../../../Engine/Content/EngineDebugMaterials/WireframeMaterial.uasset" 317
"../../../Engine/Content/EngineFonts/Faces/DroidSansFallback.uasset" 318
"../../../Engine/Content/EngineFonts/Faces/RobotoBold.uasset" 319
"../../../Engine/Content/EngineFonts/Faces/RobotoBoldItalic.uasset" 320
"../../../Engine/Content/EngineFonts/Faces/RobotoItalic.uasset" 321
"../../../Engine/Content/EngineFonts/Faces/RobotoLight.uasset" 322
"../../../Engine/Content/EngineFonts/Faces/RobotoRegular.uasset" 323
"../../../Engine/Content/EngineFonts/Roboto.uasset" 324
"../../../Engine/Content/EngineMaterials/BaseFlattenDiffuseMap.uasset" 325
"../../../Engine/Content/EngineMaterials/BaseFlattenEmissiveMap.uasset" 326
"../../../Engine/Content/EngineMaterials/BaseFlattenGrayscaleMap.uasset" 327
"../../../Engine/Content/EngineMaterials/BaseFlattenNormalMap.uasset" 328
"../../../Engine/Content/EngineMaterials/BaseFlattenMaterial.uasset" 329
"../../../Engine/Content/EngineMaterials/BlueNoise.uasset" 330
"../../../Engine/Content/EngineMaterials/DefaultBloomKernel.uasset" 331
"../../../Engine/Content/EngineMaterials/DefaultBokeh.uasset" 332
"../../../Engine/Content/EngineMaterials/DefaultDiffuse.uasset" 333
"../../../Engine/Content/EngineMaterials/DefaultDeferredDecalMaterial.uasset" 334
"../../../Engine/Content/EngineMaterials/DefaultLightFunctionMaterial.uasset" 335
"../../../Engine/Content/EngineMaterials/DefaultPhysicalMaterial.uasset" 336
"../../../Engine/Content/Functions/Engine_MaterialFunctions02/Utility/BreakOutFloat2Components.uasset" 337
"../../../Engine/Content/EngineMaterials/DefaultPostProcessMaterial.uasset" 338
"../../../Engine/Content/EngineFonts/RobotoDistanceField.uasset" 339
"../../../Engine/Content/EngineMaterials/DefaultTextMaterialOpaque.uasset" 340
"../../../Engine/Content/EngineMaterials/DefaultWhiteGrid.uasset" 341
"../../../Engine/Content/EngineMaterials/DefaultWhiteGrid_Low.uasset" 342
"../../../Engine/Content/EngineMaterials/EmissiveMeshMaterial.uasset" 343
"../../../Engine/Content/EngineMaterials/GizmoMaterial.uasset" 344
"../../../Engine/Content/EngineMaterials/Good64x64TilingNoiseHighFreq.uasset" 345
"../../../Engine/Content/EngineMaterials/MiniFont.uasset" 346
"../../../Engine/Content/EngineMaterials/InvalidLightmapSettings.uasset" 347
"../../../Engine/Content/EngineMaterials/M_InvalidLightmapSettings.uasset" 348
"../../../Engine/Content/Functions/Engine_MaterialFunctions02/WorldPositionOffset/CameraOffset.uasset" 349
"../../../Engine/Content/EngineMaterials/PhAT_JointLimitMaterial.uasset" 350
"../../../Engine/Content/EngineMaterials/PreintegratedSkinBRDF.uasset" 351
"../../../Engine/Content/EngineMaterials/RemoveSurfaceMaterial.uasset" 352
"../../../Engine/Content/EngineMaterials/WeightMapPlaceholderTexture.uasset" 353
"../../../Engine/Content/EngineResources/WhiteSquareTexture.uasset" 354
"../../../Engine/Content/EngineMaterials/Widget3DPassThrough.uasset" 355
"../../../Engine/Content/EngineMaterials/Widget3DPassThrough_Masked.uasset" 356
"../../../Engine/Content/EngineMaterials/Widget3DPassThrough_Opaque.uasset" 357
"../../../Engine/Content/EngineMaterials/Widget3DPassThrough_Masked_OneSided.uasset" 358
"../../../Engine/Content/EngineMaterials/Widget3DPassThrough_Opaque_OneSided.uasset" 359
"../../../Engine/Content/EngineMaterials/Widget3DPassThrough_Translucent.uasset" 360
"../../../Engine/Content/EngineMaterials/Widget3DPassThrough_Translucent_OneSided.uasset" 361
"../../../Engine/Content/EngineMeshes/Cylinder.uasset" 362
"../../../Engine/Content/EngineMeshes/Sphere.uasset" 363
"../../../Engine/Content/EngineResources/Black.uasset" 364
"../../../Engine/Content/EngineResources/DefaultTexture.uasset" 365
"../../../Engine/Content/EngineResources/DefaultTextureCube.uasset" 366
"../../../Engine/Content/EngineResources/DefaultVolumeTexture2D.uasset" 367
"../../../Engine/Content/EngineResources/DefaultVolumeTexture.uasset" 368
"../../../Engine/Content/EngineResources/GradientTexture0.uasset" 369
"../../../Engine/Content/EngineSounds/Master.uasset" 370
"../../../Engine/Content/Functions/Engine_MaterialFunctions01/Shading/ConvertFromDiffSpec.uasset" 371
"../../../Engine/Content/Functions/Engine_MaterialFunctions01/Shading/PowerToRoughness.uasset" 372
"../../../Engine/Content/Maps/Templates/Thumbnails/Default.uasset" 373
"../../../Engine/Content/Maps/Templates/Thumbnails/TimeOfDay.uasset" 374
"../../../Engine/Content/Maps/Templates/Thumbnails/VR-Basic.uasset" 375
"../../../Engine/Content/MobileResources/T_MobileControls_texture.uasset" 376
"../../../Engine/Content/MobileResources/T_MobileMenu2.uasset" 377
"../../../Engine/Content/MobileResources/HUD/AnalogHat.uasset" 378
"../../../Engine/Content/MobileResources/HUD/VirtualJoystick_Background.uasset" 379
"../../../Engine/Content/MobileResources/HUD/VirtualJoystick_Thumb.uasset" 380
"../../../Engine/Content/MobileResources/HUD/DefaultVirtualJoysticks.uasset" 381
"../../../Engine/Content/MobileResources/HUD/LeftVirtualJoystickOnly.uasset" 382
"../../../Engine/Content/MobileResources/HUD/MobileHUDButton1_off.uasset" 383
"../../../Engine/Content/MobileResources/HUD/MobileHUDButton1_on.uasset" 384
"../../../Engine/Content/MobileResources/HUD/MobileHUDButton2_off.uasset" 385
"../../../Engine/Content/MobileResources/HUD/MobileHUDButton2_on.uasset" 386
"../../../Engine/Content/MobileResources/HUD/MobileHUDButton3.uasset" 387
"../../../Engine/Content/MobileResources/HUD/MobileHUDButtonFire.uasset" 388
"../../../Engine/Content/MobileResources/HUD/MobileHUDDirectionPad.uasset" 389
"../../../Engine/Content/MobileResources/HUD/MobileHUDDirectionPad2.uasset" 390
"../../../Engine/Content/MobileResources/HUD/MobileHUDDirectionPad3.uasset" 391
"../../../Engine/Content/MobileResources/HUD/MobileHUDDirectionStick.uasset" 392
"../../../Engine/Content/MobileResources/HUD/T_Castle_ThumbstickInner.uasset" 393
"../../../Engine/Content/MobileResources/HUD/T_Castle_ThumbstickOutter.uasset" 394
"../../../Engine/Content/Tutorial/ContentIntroCurve.uasset" 395
"../../../Engine/Content/Tutorial/Basics/LevelEditorAttract.uasset" 396
"../../../Engine/Content/Tutorial/Code/AddingCode.uasset" 397
"../../../Engine/Content/VREditor/LaserPointer/VR_LaserPower_01.uasset" 398
"../../../Engine/Content/VREditor/TransformGizmo/TransformGizmoMaterial.uasset" 399
"../../../Engine/Content/VREditor/TransformGizmo/TranslucentTransformGizmoMaterial.uasset" 400
"../../../Engine/Content/VREditor/TransformGizmo/BoundingBoxCorner.uasset" 401
"../../../Engine/Content/VREditor/TransformGizmo/BoundingBoxEdge.uasset" 402
"../../../Engine/Content/VREditor/TransformGizmo/PlaneTranslationHandle.uasset" 403
"../../../Engine/Content/VREditor/TransformGizmo/Main.uasset" 404
"../../../Engine/Content/VREditor/TransformGizmo/Xray.uasset" 405
"../../../Engine/Content/VREditor/TransformGizmo/SM_Sequencer_Key.uasset" 406
"../../../Engine/Content/VREditor/TransformGizmo/SM_Sequencer_Node.uasset" 407
"../../Plugins/2D/Paper2D/Content/PlaceholderTextures/DummySpriteTexture.uasset" 408
"../../Plugins/2D/Paper2D/Content/DummySprite.uasset" 409
"../../Plugins/2D/Paper2D/Content/DefaultPaperTerrainMaterial.uasset" 410
"../../Plugins/2D/Paper2D/Content/DefaultSpriteMaterial.uasset" 411
"../../Plugins/2D/Paper2D/Content/MaskedUnlitSpriteMaterial.uasset" 412
"../../Plugins/2D/Paper2D/Content/OpaqueUnlitSpriteMaterial.uasset" 413
"../../Plugins/FX/Niagara/Content/Enums/ENiagaraBooleanLogicOps.uasset" 414
"../../Plugins/FX/Niagara/Content/Enums/ENiagaraCoordinateSpace.uasset" 415
"../../Plugins/FX/Niagara/Content/Enums/ENiagaraExpansionMode.uasset" 416
"../../Plugins/FX/Niagara/Content/Enums/ENiagaraOrientationAxis.uasset" 417
"../../Plugins/FX/Niagara/Content/Enums/ENiagaraRandomnessMode.uasset" 418
"../../../Engine/Content/Functions/Engine_MaterialFunctions02/Utility/BreakOutFloat4Components.uasset" 419
"../../../Engine/Content/Functions/Engine_MaterialFunctions02/Utility/MakeFloat2.uasset" 420
"../../../Engine/Content/Functions/Engine_MaterialFunctions02/Utility/MakeFloat3.uasset" 421
"../../Plugins/Runtime/Oculus/OculusVR/Content/Materials/OculusMR_ChromaKey.uasset" 422
"../../Plugins/Runtime/Oculus/OculusVR/Content/Materials/OculusMR_ChromaKey_Lit.uasset" 423
"../../Plugins/Runtime/Oculus/OculusVR/Content/Materials/OculusMR_OpaqueColoredMaterial.uasset" 424
"../../Plugins/Runtime/Oculus/OculusVR/Content/Materials/OculusMR_WhiteMaterial.uasset" 425
"../../../Engine/Content/EditorBlueprintResources/StandardMacros.uasset" 426
"../../../Engine/Content/EngineSky/C_Sky_Cloud_Color.uasset" 427
"../../../Engine/Content/EngineSky/C_Sky_Horizon_Color.uasset" 428
"../../../Engine/Content/EngineSky/C_Sky_Zenith_Color.uasset" 429
"../../../Engine/Content/EngineSky/T_Sky_Blue.uasset" 430
"../../../Engine/Content/EngineSky/T_Sky_Clouds_M.uasset" 431
"../../../Engine/Content/EngineSky/T_Sky_Stars.uasset" 432
"../../../Engine/Content/EngineSky/M_Sky_Panning_Clouds2.uasset" 433
"../../../Engine/Content/EngineSky/SM_SkySphere.uasset" 434
"../../../Engine/Content/EngineSky/BP_Sky_Sphere.uasset" 435
"../../../../Users/pjkha/Documents/Unreal Projects/ProjectJK/Content/Level/TestMap_BuiltData.uasset" 436
"../../../Engine/Content/MapTemplates/SM_Template_Map_Floor.uasset" 437
"../../../../Users/pjkha/Documents/Unreal Projects/ProjectJK/Content/Level/TestMap.umap" 438
"../../../Engine/Content/Maps/Entry_BuiltData.uasset" 439
"../../../Engine/Content/Maps/Entry.umap" 440
